<?xml version="1.0" encoding="UTF-8"?>
<!-- Generated by org.testng.reporters.JUnitReportReporter -->
<testsuite hostname="DESKTOP-NLD49EE" failures="0" tests="1" name="utilities.DataProviders" time="0.789" errors="0" timestamp="2025-01-23T17:06:44 IST" skipped="0">
  <testcase classname="utilities.DataProviders" name="getloginData" time="0.789"/>
</testsuite> <!-- utilities.DataProviders -->
