<?xml version="1.0" encoding="UTF-8"?>
<!-- Generated by org.testng.reporters.JUnitReportReporter -->
<testsuite hostname="DESKTOP-NLD49EE" failures="0" tests="1" name="testCases.TC001_AccountRegistration" time="6.669" errors="0" timestamp="2025-01-26T00:08:26 IST" skipped="0">
  <testcase classname="testCases.TC001_AccountRegistration" name="verifyAccountRegistration" time="6.669"/>
</testsuite> <!-- testCases.TC001_AccountRegistration -->
