<?xml version="1.0" encoding="UTF-8"?>
<!-- Generated by org.testng.reporters.JUnitReportReporter -->
<testsuite hostname="DESKTOP-NLD49EE" failures="0" tests="1" name="testCases.TC002_LoginTestCase" time="1.623" errors="0" timestamp="2025-01-26T14:35:20 IST" skipped="0">
  <testcase classname="testCases.TC002_LoginTestCase" name="verifyLogin" time="1.623"/>
</testsuite> <!-- testCases.TC002_LoginTestCase -->
